<?xml version="1.0" encoding="UTF-8"?>
<testng-results ignored="0" total="2" passed="2" failed="0" skipped="0">
  <reporter-output>
  </reporter-output>
  <suite started-at="2022-11-07T19:17:41 COT" name="Default Suite" finished-at="2022-11-07T19:17:43 COT" duration-ms="2154">
    <groups>
    </groups>
    <test started-at="2022-11-07T19:17:41 COT" name="RestAssuredProject" finished-at="2022-11-07T19:17:43 COT" duration-ms="2154">
      <class name="ApiTests">
        <test-method signature="test1()[pri:0, instance:ApiTests@57d5872c]" started-at="2022-11-07T19:17:41 COT" name="test1" finished-at="2022-11-07T19:17:43 COT" duration-ms="1818" status="PASS">
          <reporter-output>
          </reporter-output>
        </test-method> <!-- test1 -->
        <test-method signature="test2()[pri:0, instance:ApiTests@57d5872c]" started-at="2022-11-07T19:17:43 COT" name="test2" finished-at="2022-11-07T19:17:43 COT" duration-ms="289" status="PASS">
          <reporter-output>
          </reporter-output>
        </test-method> <!-- test2 -->
      </class> <!-- ApiTests -->
    </test> <!-- RestAssuredProject -->
  </suite> <!-- Default Suite -->
</testng-results>
